Performing EDA
Plotting histograms
Plotting histogram for Gender
Plotting histogram for Education_Level
Plotting histogram for Marital_Status
Plotting histogram for Income_Category
Plotting histogram for Card_Category
Plotting Normalized Bar Plots
Plotting normalized bar plot for Customer_Age
Plotting normalized bar plot for Dependent_count
Plotting normalized bar plot for Months_on_book
Plotting normalized bar plot for Total_Relationship_Count
Plotting normalized bar plot for Months_Inactive_12_mon
Plotting normalized bar plot for Contacts_Count_12_mon
Plotting normalized bar plot for Credit_Limit
Plotting normalized bar plot for Total_Revolving_Bal
Plotting normalized bar plot for Avg_Open_To_Buy
Plotting normalized bar plot for Total_Amt_Chng_Q4_Q1
Plotting normalized bar plot for Total_Trans_Amt
Plotting normalized bar plot for Total_Trans_Ct
Plotting normalized bar plot for Total_Ct_Chng_Q4_Q1
Plotting normalized bar plot for Avg_Utilization_Ratio
Plotting Distribution Plots
Plotting distribution plot for Total_Trans_Ct
Plotting Heat Map
Finished EDA
creating a new column for Gender
SUCCESS: Created a new column for Gender: Gender_Churn
creating a new column for Education_Level
SUCCESS: Created a new column for Education_Level: Education_Level_Churn
creating a new column for Marital_Status
SUCCESS: Created a new column for Marital_Status: Marital_Status_Churn
creating a new column for Income_Category
SUCCESS: Created a new column for Income_Category: Income_Category_Churn
creating a new column for Card_Category
SUCCESS: Created a new column for Card_Category: Card_Category_Churn
calculating scores
random forest results
train results
              precision    recall  f1-score   support

           0       1.00      1.00      1.00      1131
           1       1.00      1.00      1.00      5957

    accuracy                           1.00      7088
   macro avg       1.00      1.00      1.00      7088
weighted avg       1.00      1.00      1.00      7088

test results
              precision    recall  f1-score   support

           0       0.94      0.81      0.87       496
           1       0.96      0.99      0.98      2543

    accuracy                           0.96      3039
   macro avg       0.95      0.90      0.92      3039
weighted avg       0.96      0.96      0.96      3039

logistic regression results
train results
              precision    recall  f1-score   support

           0       0.73      0.51      0.60      1131
           1       0.91      0.96      0.94      5957

    accuracy                           0.89      7088
   macro avg       0.82      0.74      0.77      7088
weighted avg       0.88      0.89      0.88      7088

test results
              precision    recall  f1-score   support

           0       0.71      0.46      0.56       496
           1       0.90      0.96      0.93      2543

    accuracy                           0.88      3039
   macro avg       0.81      0.71      0.74      3039
weighted avg       0.87      0.88      0.87      3039

